<?xml version="1.0" encoding="UTF-8"?>
<!-- Generated by org.testng.reporters.JUnitXMLReporter -->
<testsuite ignored="7" hostname="RameshCh" failures="0" tests="3" name="openCartTest(failed)" time="65.895" errors="0" timestamp="2023-11-16T18:19:09 MST">
  <testcase classname="com.qa.opencart.testcase.MyAccountPageTest" name="performProductSearchTest" time="15.511"/>
  <testcase classname="com.qa.opencart.testcase.MyAccountPageTest" name="performProductSearchTest" time="15.045"/>
  <testcase classname="com.qa.opencart.testcase.MyAccountPageTest" name="performProductSearchTest" time="15.078"/>
  <testcase classname="com.qa.opencart.testcase.MyAccountPageTest" name="verifyBrokenLinksInMyAccountPageTest" time="0.0">
    <ignored/>
  </testcase> <!-- verifyBrokenLinksInMyAccountPageTest -->
  <testcase classname="com.qa.opencart.testcase.MyAccountPageTest" name="verifyMyAccountMenuOptionTest" time="0.0">
    <ignored/>
  </testcase> <!-- verifyMyAccountMenuOptionTest -->
  <testcase classname="com.qa.opencart.testcase.MyAccountPageTest" name="verifyMyAccountPageElementsTest" time="0.0">
    <ignored/>
  </testcase> <!-- verifyMyAccountPageElementsTest -->
  <testcase classname="com.qa.opencart.testcase.MyAccountPageTest" name="verifyMyAccountHeaderListTest" time="0.0">
    <ignored/>
  </testcase> <!-- verifyMyAccountHeaderListTest -->
  <testcase classname="com.qa.opencart.testcase.MyAccountPageTest" name="logoutTest" time="0.0">
    <ignored/>
  </testcase> <!-- logoutTest -->
  <testcase classname="com.qa.opencart.testcase.MyAccountPageTest" name="verifyMyAccountPageTitleTest" time="0.0">
    <ignored/>
  </testcase> <!-- verifyMyAccountPageTitleTest -->
  <testcase classname="com.qa.opencart.testcase.MyAccountPageTest" name="verifyMyAccountPageUrlTest" time="0.0">
    <ignored/>
  </testcase> <!-- verifyMyAccountPageUrlTest -->
</testsuite> <!-- openCartTest(failed) -->
