<?xml version="1.0" encoding="UTF-8"?>
<testsuite xmlns:xsi="http://www.w3.org/2001/XMLSchema-instance" xsi:schemaLocation="https://maven.apache.org/surefire/maven-surefire-plugin/xsd/surefire-test-report.xsd" name="TestSuite" time="589.29" tests="34" errors="0" skipped="0" failures="3">
  <properties>
[...]
</properties>
  <testcase name="verifyOpenCartLogoTest" classname="com.qa.opencart.testcase.HomePageTest" time="0.703"/>
  <testcase name="verifyOpenCartPageTitleTest" classname="com.qa.opencart.testcase.HomePageTest" time="0.48"/>
  <testcase name="verifyFeaturedCardsCountTest" classname="com.qa.opencart.testcase.HomePageTest" time="0.463"/>
  <testcase name="navigateToRegistrationPageTest" classname="com.qa.opencart.testcase.HomePageTest" time="8.453"/>
  <testcase name="navigateToLoginPageTest" classname="com.qa.opencart.testcase.HomePageTest" time="8.137"/>
  <testcase name="verifyLoginPageUrlTest" classname="com.qa.opencart.testcase.LoginPageTest" time="0.217"/>
  <testcase name="verifyLoginPageTitleTest" classname="com.qa.opencart.testcase.LoginPageTest" time="0.179"/>
  <testcase name="verifyLoginPageElementsTest" classname="com.qa.opencart.testcase.LoginPageTest" time="0.402"/>
  <testcase name="navigateToRegistrationPageTest" classname="com.qa.opencart.testcase.LoginPageTest" time="5.991"/>
  <testcase name="navigateToForgotPasswordPageTest" classname="com.qa.opencart.testcase.LoginPageTest" time="5.538"/>
  <testcase name="emptyCredLoginTest" classname="com.qa.opencart.testcase.LoginPageTest" time="7.677"/>
  <testcase name="happypathLoginTest" classname="com.qa.opencart.testcase.LoginPageTest" time="7.967"/>
  <testcase name="logoutTest" classname="com.qa.opencart.testcase.LoginPageTest" time="8.201"/>
  <testcase name="verifyMyAccountPageUrlTest" classname="com.qa.opencart.testcase.MyAccountPageTest" time="0.339"/>
  <testcase name="verifyMyAccountPageTitleTest" classname="com.qa.opencart.testcase.MyAccountPageTest" time="0.254"/>
  <testcase name="verifyMyAccountPageElementsTest" classname="com.qa.opencart.testcase.MyAccountPageTest" time="2.772"/>
  <testcase name="verifyMyAccountMenuOptionTest" classname="com.qa.opencart.testcase.MyAccountPageTest" time="2.517"/>
  <testcase name="verifyMyAccountHeaderListTest" classname="com.qa.opencart.testcase.MyAccountPageTest" time="0.357"/>
  <testcase name="verifyBrokenLinksInMyAccountPageTest" classname="com.qa.opencart.testcase.MyAccountPageTest" time="38.293"/>
  <testcase name="performProductSearchTest" classname="com.qa.opencart.testcase.MyAccountPageTest" time="6.177">
    <failure message="element click intercepted: Element &lt;button type=&quot;button&quot; class=&quot;btn btn-default btn-lg&quot; style=&quot;border: solid 2px white&quot;&gt;...&lt;/button&gt; is not clickable at point (994, 84). Other element would receive the click: &lt;a href=&quot;http://rameshqaonline.lovestoblog.com/index.php?route=account/order&quot;&gt;...&lt;/a&gt;&#10;  (Session info: chrome=119.0.6045.160)&#10;Build info: version: &apos;4.15.0&apos;, revision: &apos;1d14b5521b&apos;&#10;System info: os.name: &apos;Windows 11&apos;, os.arch: &apos;amd64&apos;, os.version: &apos;10.0&apos;, java.version: &apos;11.0.19&apos;&#10;Driver info: org.openqa.selenium.chrome.ChromeDriver&#10;Command: [1d9b829153408fc6b3188ff558aefe48, clickElement {id=BD75F60491F3C8023F5E5B036F890130_element_227}]&#10;Capabilities {acceptInsecureCerts: true, browserName: chrome, browserVersion: 119.0.6045.160, chrome: {chromedriverVersion: 119.0.6045.105 (38c72552c5e..., userDataDir: C:\Users\rames\AppData\Loca...}, fedcm:accounts: true, goog:chromeOptions: {debuggerAddress: localhost:62404}, networkConnectionEnabled: false, pageLoadStrategy: normal, platformName: windows, proxy: Proxy(), se:cdp: ws://localhost:62404/devtoo..., se:cdpVersion: 119.0.6045.160, setWindowRect: true, strictFileInteractability: false, timeouts: {implicit: 0, pageLoad: 300000, script: 30000}, unhandledPromptBehavior: dismiss and notify, webauthn:extension:credBlob: true, webauthn:extension:largeBlob: true, webauthn:extension:minPinLength: true, webauthn:extension:prf: true, webauthn:virtualAuthenticators: true}&#10;Element: [[ChromeDriver: chrome on windows (1d9b829153408fc6b3188ff558aefe48)] -&gt; css selector: button[class=&apos;btn btn-default btn-lg&apos;]]&#10;Session ID: 1d9b829153408fc6b3188ff558aefe48" type="org.openqa.selenium.ElementClickInterceptedException"><![CDATA[org.openqa.selenium.ElementClickInterceptedException: 
element click intercepted: Element <button type="button" class="btn btn-default btn-lg" style="border: solid 2px white">...</button> is not clickable at point (994, 84). Other element would receive the click: <a href="http://rameshqaonline.lovestoblog.com/index.php?route=account/order">...</a>
  (Session info: chrome=119.0.6045.160)
Build info: version: '4.15.0', revision: '1d14b5521b'
System info: os.name: 'Windows 11', os.arch: 'amd64', os.version: '10.0', java.version: '11.0.19'
Driver info: org.openqa.selenium.chrome.ChromeDriver
Command: [1d9b829153408fc6b3188ff558aefe48, clickElement {id=BD75F60491F3C8023F5E5B036F890130_element_227}]
Capabilities {acceptInsecureCerts: true, browserName: chrome, browserVersion: 119.0.6045.160, chrome: {chromedriverVersion: 119.0.6045.105 (38c72552c5e..., userDataDir: C:\Users\rames\AppData\Loca...}, fedcm:accounts: true, goog:chromeOptions: {debuggerAddress: localhost:62404}, networkConnectionEnabled: false, pageLoadStrategy: normal, platformName: windows, proxy: Proxy(), se:cdp: ws://localhost:62404/devtoo..., se:cdpVersion: 119.0.6045.160, setWindowRect: true, strictFileInteractability: false, timeouts: {implicit: 0, pageLoad: 300000, script: 30000}, unhandledPromptBehavior: dismiss and notify, webauthn:extension:credBlob: true, webauthn:extension:largeBlob: true, webauthn:extension:minPinLength: true, webauthn:extension:prf: true, webauthn:virtualAuthenticators: true}
Element: [[ChromeDriver: chrome on windows (1d9b829153408fc6b3188ff558aefe48)] -> css selector: button[class='btn btn-default btn-lg']]
Session ID: 1d9b829153408fc6b3188ff558aefe48
	at com.qa.opencart.testcase.MyAccountPageTest.performProductSearchTest(MyAccountPageTest.java:83)
]]></failure>
    <system-out><![CDATA[page DOM is fully loaded now.....
performProductSearchTest started!
I am in onTestStart method performProductSearchTest start
page DOM is fully loaded now.....
I am in onTestFailure method performProductSearchTest failed
Screenshot captured for test case:performProductSearchTest
performProductSearchTest failed!
]]></system-out>
  </testcase>
  <testcase name="performProductSearchTest" classname="com.qa.opencart.testcase.MyAccountPageTest" time="6.27">
    <failure message="element click intercepted: Element &lt;button type=&quot;button&quot; class=&quot;btn btn-default btn-lg&quot; style=&quot;border: solid 2px white&quot;&gt;...&lt;/button&gt; is not clickable at point (994, 84). Other element would receive the click: &lt;a href=&quot;http://rameshqaonline.lovestoblog.com/index.php?route=account/order&quot;&gt;...&lt;/a&gt;&#10;  (Session info: chrome=119.0.6045.160)&#10;Build info: version: &apos;4.15.0&apos;, revision: &apos;1d14b5521b&apos;&#10;System info: os.name: &apos;Windows 11&apos;, os.arch: &apos;amd64&apos;, os.version: &apos;10.0&apos;, java.version: &apos;11.0.19&apos;&#10;Driver info: org.openqa.selenium.chrome.ChromeDriver&#10;Command: [1d9b829153408fc6b3188ff558aefe48, clickElement {id=BD75F60491F3C8023F5E5B036F890130_element_227}]&#10;Capabilities {acceptInsecureCerts: true, browserName: chrome, browserVersion: 119.0.6045.160, chrome: {chromedriverVersion: 119.0.6045.105 (38c72552c5e..., userDataDir: C:\Users\rames\AppData\Loca...}, fedcm:accounts: true, goog:chromeOptions: {debuggerAddress: localhost:62404}, networkConnectionEnabled: false, pageLoadStrategy: normal, platformName: windows, proxy: Proxy(), se:cdp: ws://localhost:62404/devtoo..., se:cdpVersion: 119.0.6045.160, setWindowRect: true, strictFileInteractability: false, timeouts: {implicit: 0, pageLoad: 300000, script: 30000}, unhandledPromptBehavior: dismiss and notify, webauthn:extension:credBlob: true, webauthn:extension:largeBlob: true, webauthn:extension:minPinLength: true, webauthn:extension:prf: true, webauthn:virtualAuthenticators: true}&#10;Element: [[ChromeDriver: chrome on windows (1d9b829153408fc6b3188ff558aefe48)] -&gt; css selector: button[class=&apos;btn btn-default btn-lg&apos;]]&#10;Session ID: 1d9b829153408fc6b3188ff558aefe48" type="org.openqa.selenium.ElementClickInterceptedException"><![CDATA[org.openqa.selenium.ElementClickInterceptedException: 
element click intercepted: Element <button type="button" class="btn btn-default btn-lg" style="border: solid 2px white">...</button> is not clickable at point (994, 84). Other element would receive the click: <a href="http://rameshqaonline.lovestoblog.com/index.php?route=account/order">...</a>
  (Session info: chrome=119.0.6045.160)
Build info: version: '4.15.0', revision: '1d14b5521b'
System info: os.name: 'Windows 11', os.arch: 'amd64', os.version: '10.0', java.version: '11.0.19'
Driver info: org.openqa.selenium.chrome.ChromeDriver
Command: [1d9b829153408fc6b3188ff558aefe48, clickElement {id=BD75F60491F3C8023F5E5B036F890130_element_227}]
Capabilities {acceptInsecureCerts: true, browserName: chrome, browserVersion: 119.0.6045.160, chrome: {chromedriverVersion: 119.0.6045.105 (38c72552c5e..., userDataDir: C:\Users\rames\AppData\Loca...}, fedcm:accounts: true, goog:chromeOptions: {debuggerAddress: localhost:62404}, networkConnectionEnabled: false, pageLoadStrategy: normal, platformName: windows, proxy: Proxy(), se:cdp: ws://localhost:62404/devtoo..., se:cdpVersion: 119.0.6045.160, setWindowRect: true, strictFileInteractability: false, timeouts: {implicit: 0, pageLoad: 300000, script: 30000}, unhandledPromptBehavior: dismiss and notify, webauthn:extension:credBlob: true, webauthn:extension:largeBlob: true, webauthn:extension:minPinLength: true, webauthn:extension:prf: true, webauthn:virtualAuthenticators: true}
Element: [[ChromeDriver: chrome on windows (1d9b829153408fc6b3188ff558aefe48)] -> css selector: button[class='btn btn-default btn-lg']]
Session ID: 1d9b829153408fc6b3188ff558aefe48
	at com.qa.opencart.testcase.MyAccountPageTest.performProductSearchTest(MyAccountPageTest.java:83)
]]></failure>
    <system-out><![CDATA[page DOM is fully loaded now.....
performProductSearchTest started!
I am in onTestStart method performProductSearchTest start
page DOM is fully loaded now.....
I am in onTestFailure method performProductSearchTest failed
Screenshot captured for test case:performProductSearchTest
performProductSearchTest failed!
]]></system-out>
  </testcase>
  <testcase name="performProductSearchTest" classname="com.qa.opencart.testcase.MyAccountPageTest" time="6.266">
    <failure message="element click intercepted: Element &lt;button type=&quot;button&quot; class=&quot;btn btn-default btn-lg&quot; style=&quot;border: solid 2px white&quot;&gt;...&lt;/button&gt; is not clickable at point (994, 84). Other element would receive the click: &lt;a href=&quot;http://rameshqaonline.lovestoblog.com/index.php?route=account/order&quot;&gt;...&lt;/a&gt;&#10;  (Session info: chrome=119.0.6045.160)&#10;Build info: version: &apos;4.15.0&apos;, revision: &apos;1d14b5521b&apos;&#10;System info: os.name: &apos;Windows 11&apos;, os.arch: &apos;amd64&apos;, os.version: &apos;10.0&apos;, java.version: &apos;11.0.19&apos;&#10;Driver info: org.openqa.selenium.chrome.ChromeDriver&#10;Command: [1d9b829153408fc6b3188ff558aefe48, clickElement {id=BD75F60491F3C8023F5E5B036F890130_element_227}]&#10;Capabilities {acceptInsecureCerts: true, browserName: chrome, browserVersion: 119.0.6045.160, chrome: {chromedriverVersion: 119.0.6045.105 (38c72552c5e..., userDataDir: C:\Users\rames\AppData\Loca...}, fedcm:accounts: true, goog:chromeOptions: {debuggerAddress: localhost:62404}, networkConnectionEnabled: false, pageLoadStrategy: normal, platformName: windows, proxy: Proxy(), se:cdp: ws://localhost:62404/devtoo..., se:cdpVersion: 119.0.6045.160, setWindowRect: true, strictFileInteractability: false, timeouts: {implicit: 0, pageLoad: 300000, script: 30000}, unhandledPromptBehavior: dismiss and notify, webauthn:extension:credBlob: true, webauthn:extension:largeBlob: true, webauthn:extension:minPinLength: true, webauthn:extension:prf: true, webauthn:virtualAuthenticators: true}&#10;Element: [[ChromeDriver: chrome on windows (1d9b829153408fc6b3188ff558aefe48)] -&gt; css selector: button[class=&apos;btn btn-default btn-lg&apos;]]&#10;Session ID: 1d9b829153408fc6b3188ff558aefe48" type="org.openqa.selenium.ElementClickInterceptedException"><![CDATA[org.openqa.selenium.ElementClickInterceptedException: 
element click intercepted: Element <button type="button" class="btn btn-default btn-lg" style="border: solid 2px white">...</button> is not clickable at point (994, 84). Other element would receive the click: <a href="http://rameshqaonline.lovestoblog.com/index.php?route=account/order">...</a>
  (Session info: chrome=119.0.6045.160)
Build info: version: '4.15.0', revision: '1d14b5521b'
System info: os.name: 'Windows 11', os.arch: 'amd64', os.version: '10.0', java.version: '11.0.19'
Driver info: org.openqa.selenium.chrome.ChromeDriver
Command: [1d9b829153408fc6b3188ff558aefe48, clickElement {id=BD75F60491F3C8023F5E5B036F890130_element_227}]
Capabilities {acceptInsecureCerts: true, browserName: chrome, browserVersion: 119.0.6045.160, chrome: {chromedriverVersion: 119.0.6045.105 (38c72552c5e..., userDataDir: C:\Users\rames\AppData\Loca...}, fedcm:accounts: true, goog:chromeOptions: {debuggerAddress: localhost:62404}, networkConnectionEnabled: false, pageLoadStrategy: normal, platformName: windows, proxy: Proxy(), se:cdp: ws://localhost:62404/devtoo..., se:cdpVersion: 119.0.6045.160, setWindowRect: true, strictFileInteractability: false, timeouts: {implicit: 0, pageLoad: 300000, script: 30000}, unhandledPromptBehavior: dismiss and notify, webauthn:extension:credBlob: true, webauthn:extension:largeBlob: true, webauthn:extension:minPinLength: true, webauthn:extension:prf: true, webauthn:virtualAuthenticators: true}
Element: [[ChromeDriver: chrome on windows (1d9b829153408fc6b3188ff558aefe48)] -> css selector: button[class='btn btn-default btn-lg']]
Session ID: 1d9b829153408fc6b3188ff558aefe48
	at com.qa.opencart.testcase.MyAccountPageTest.performProductSearchTest(MyAccountPageTest.java:83)
]]></failure>
    <system-out><![CDATA[page DOM is fully loaded now.....
performProductSearchTest started!
I am in onTestStart method performProductSearchTest start
page DOM is fully loaded now.....
I am in onTestFailure method performProductSearchTest failed
Screenshot captured for test case:performProductSearchTest
performProductSearchTest failed!
]]></system-out>
  </testcase>
  <testcase name="logoutTest" classname="com.qa.opencart.testcase.MyAccountPageTest" time="8.599"/>
  <testcase name="productImageTest" classname="com.qa.opencart.testcase.ProductDetailsPageTest" time="16.101"/>
  <testcase name="productImageTest" classname="com.qa.opencart.testcase.ProductDetailsPageTest" time="15.538"/>
  <testcase name="productImageTest" classname="com.qa.opencart.testcase.ProductDetailsPageTest" time="15.772"/>
  <testcase name="productImageTest" classname="com.qa.opencart.testcase.ProductDetailsPageTest" time="15.631"/>
  <testcase name="productImageTest" classname="com.qa.opencart.testcase.ProductDetailsPageTest" time="16"/>
  <testcase name="ProductMetadataTest" classname="com.qa.opencart.testcase.ProductDetailsPageTest" time="15.716"/>
  <testcase name="RegisterAccountTest" classname="com.qa.opencart.testcase.RegistrationPageTest" time="47.067"/>
  <testcase name="registerAccountWithExcelDataTest" classname="com.qa.opencart.testcase.RegistrationPageTest" time="47.312"/>
  <testcase name="registerAccountWithExcelDataTest" classname="com.qa.opencart.testcase.RegistrationPageTest" time="46.603"/>
  <testcase name="registerAccountWithExcelDataTest" classname="com.qa.opencart.testcase.RegistrationPageTest" time="46.295"/>
  <testcase name="registerAccountWithExcelDataTest" classname="com.qa.opencart.testcase.RegistrationPageTest" time="46.717"/>
</testsuite>