<?xml version="1.0" encoding="UTF-8"?>
<testng-results ignored="0" total="34" passed="34" failed="0" skipped="0">
  <reporter-output>
  </reporter-output>
  <suite started-at="2023-11-17T18:13:26 MST" name="openCartSuite" finished-at="2023-11-17T18:24:18 MST" duration-ms="652184">
    <groups>
    </groups>
    <test started-at="2023-11-17T18:13:26 MST" name="openCartTest" finished-at="2023-11-17T18:24:18 MST" duration-ms="652184">
      <class name="com.qa.opencart.testcase.HomePageTest">
        <test-method is-config="true" signature="commonSetUp(java.lang.String)[pri:0, instance:com.qa.opencart.testcase.HomePageTest@7abe27bf]" started-at="2023-11-17T18:13:28 MST" name="commonSetUp" finished-at="2023-11-17T18:13:35 MST" duration-ms="6529" status="PASS">
          <params>
            <param index="0">
              <value>
                <![CDATA[chrome]]>
              </value>
            </param>
          </params>
          <reporter-output>
          </reporter-output>
        </test-method> <!-- commonSetUp -->
        <test-method is-config="true" signature="beforeClass()[pri:0, instance:com.qa.opencart.testcase.HomePageTest@7abe27bf]" started-at="2023-11-17T18:13:35 MST" name="beforeClass" finished-at="2023-11-17T18:13:35 MST" duration-ms="72" status="PASS">
          <reporter-output>
          </reporter-output>
        </test-method> <!-- beforeClass -->
        <test-method is-config="true" signature="beforeMethod()[pri:0, instance:com.qa.opencart.testcase.HomePageTest@7abe27bf]" started-at="2023-11-17T18:13:35 MST" name="beforeMethod" finished-at="2023-11-17T18:13:35 MST" duration-ms="42" status="PASS">
          <reporter-output>
          </reporter-output>
        </test-method> <!-- beforeMethod -->
        <test-method signature="verifyOpenCartLogoTest()[pri:1, instance:com.qa.opencart.testcase.HomePageTest@7abe27bf]" started-at="2023-11-17T18:13:35 MST" name="verifyOpenCartLogoTest" description="TC_01_Verifying the opencart logo" finished-at="2023-11-17T18:13:35 MST" duration-ms="177" status="PASS">
          <reporter-output>
          </reporter-output>
        </test-method> <!-- verifyOpenCartLogoTest -->
        <test-method is-config="true" signature="afterMethod()[pri:0, instance:com.qa.opencart.testcase.HomePageTest@7abe27bf]" started-at="2023-11-17T18:13:36 MST" name="afterMethod" finished-at="2023-11-17T18:13:36 MST" duration-ms="25" status="PASS">
          <reporter-output>
          </reporter-output>
        </test-method> <!-- afterMethod -->
        <test-method is-config="true" signature="beforeMethod()[pri:0, instance:com.qa.opencart.testcase.HomePageTest@7abe27bf]" started-at="2023-11-17T18:13:36 MST" name="beforeMethod" finished-at="2023-11-17T18:13:36 MST" duration-ms="14" status="PASS">
          <reporter-output>
          </reporter-output>
        </test-method> <!-- beforeMethod -->
        <test-method signature="verifyOpenCartPageTitleTest()[pri:2, instance:com.qa.opencart.testcase.HomePageTest@7abe27bf]" started-at="2023-11-17T18:13:36 MST" name="verifyOpenCartPageTitleTest" description="TC_02_Verifying the opencart page title" finished-at="2023-11-17T18:13:36 MST" duration-ms="15" status="PASS">
          <reporter-output>
          </reporter-output>
        </test-method> <!-- verifyOpenCartPageTitleTest -->
        <test-method is-config="true" signature="afterMethod()[pri:0, instance:com.qa.opencart.testcase.HomePageTest@7abe27bf]" started-at="2023-11-17T18:13:36 MST" name="afterMethod" finished-at="2023-11-17T18:13:36 MST" duration-ms="46" status="PASS">
          <reporter-output>
          </reporter-output>
        </test-method> <!-- afterMethod -->
        <test-method is-config="true" signature="beforeMethod()[pri:0, instance:com.qa.opencart.testcase.HomePageTest@7abe27bf]" started-at="2023-11-17T18:13:36 MST" name="beforeMethod" finished-at="2023-11-17T18:13:36 MST" duration-ms="14" status="PASS">
          <reporter-output>
          </reporter-output>
        </test-method> <!-- beforeMethod -->
        <test-method signature="verifyFeaturedCardsCountTest()[pri:3, instance:com.qa.opencart.testcase.HomePageTest@7abe27bf]" started-at="2023-11-17T18:13:36 MST" name="verifyFeaturedCardsCountTest" description="TC_03_Verifying the featiured section cards count" finished-at="2023-11-17T18:13:36 MST" duration-ms="37" status="PASS">
          <reporter-output>
          </reporter-output>
        </test-method> <!-- verifyFeaturedCardsCountTest -->
        <test-method is-config="true" signature="afterMethod()[pri:0, instance:com.qa.opencart.testcase.HomePageTest@7abe27bf]" started-at="2023-11-17T18:13:37 MST" name="afterMethod" finished-at="2023-11-17T18:13:37 MST" duration-ms="55" status="PASS">
          <reporter-output>
          </reporter-output>
        </test-method> <!-- afterMethod -->
        <test-method is-config="true" signature="beforeMethod()[pri:0, instance:com.qa.opencart.testcase.HomePageTest@7abe27bf]" started-at="2023-11-17T18:13:37 MST" name="beforeMethod" finished-at="2023-11-17T18:13:37 MST" duration-ms="16" status="PASS">
          <reporter-output>
          </reporter-output>
        </test-method> <!-- beforeMethod -->
        <test-method signature="navigateToRegistrationPageTest()[pri:4, instance:com.qa.opencart.testcase.HomePageTest@7abe27bf]" started-at="2023-11-17T18:13:37 MST" name="navigateToRegistrationPageTest" description="TC_04_navigate to registration page" finished-at="2023-11-17T18:13:45 MST" duration-ms="8581" status="PASS">
          <reporter-output>
          </reporter-output>
        </test-method> <!-- navigateToRegistrationPageTest -->
        <test-method is-config="true" signature="afterMethod()[pri:0, instance:com.qa.opencart.testcase.HomePageTest@7abe27bf]" started-at="2023-11-17T18:13:46 MST" name="afterMethod" finished-at="2023-11-17T18:13:46 MST" duration-ms="40" status="PASS">
          <reporter-output>
          </reporter-output>
        </test-method> <!-- afterMethod -->
        <test-method is-config="true" signature="beforeMethod()[pri:0, instance:com.qa.opencart.testcase.HomePageTest@7abe27bf]" started-at="2023-11-17T18:13:46 MST" name="beforeMethod" finished-at="2023-11-17T18:13:46 MST" duration-ms="11" status="PASS">
          <reporter-output>
          </reporter-output>
        </test-method> <!-- beforeMethod -->
        <test-method signature="navigateToLoginPageTest()[pri:5, instance:com.qa.opencart.testcase.HomePageTest@7abe27bf]" started-at="2023-11-17T18:13:46 MST" name="navigateToLoginPageTest" description="TC_05_navigate to login page" finished-at="2023-11-17T18:13:54 MST" duration-ms="8215" status="PASS">
          <reporter-output>
          </reporter-output>
        </test-method> <!-- navigateToLoginPageTest -->
        <test-method is-config="true" signature="afterMethod()[pri:0, instance:com.qa.opencart.testcase.HomePageTest@7abe27bf]" started-at="2023-11-17T18:13:55 MST" name="afterMethod" finished-at="2023-11-17T18:13:55 MST" duration-ms="31" status="PASS">
          <reporter-output>
          </reporter-output>
        </test-method> <!-- afterMethod -->
        <test-method is-config="true" signature="commonTearDown()[pri:0, instance:com.qa.opencart.testcase.HomePageTest@7abe27bf]" started-at="2023-11-17T18:13:55 MST" name="commonTearDown" finished-at="2023-11-17T18:13:55 MST" duration-ms="299" status="PASS">
          <reporter-output>
          </reporter-output>
        </test-method> <!-- commonTearDown -->
      </class> <!-- com.qa.opencart.testcase.HomePageTest -->
      <class name="com.qa.opencart.testcase.MyAccountPageTest">
        <test-method is-config="true" signature="commonSetUp(java.lang.String)[pri:0, instance:com.qa.opencart.testcase.MyAccountPageTest@3ed0918d]" started-at="2023-11-17T18:14:45 MST" name="commonSetUp" finished-at="2023-11-17T18:14:51 MST" duration-ms="5364" status="PASS">
          <params>
            <param index="0">
              <value>
                <![CDATA[chrome]]>
              </value>
            </param>
          </params>
          <reporter-output>
          </reporter-output>
        </test-method> <!-- commonSetUp -->
        <test-method is-config="true" signature="beforeClass()[pri:0, instance:com.qa.opencart.testcase.MyAccountPageTest@3ed0918d]" started-at="2023-11-17T18:14:51 MST" name="beforeClass" finished-at="2023-11-17T18:15:04 MST" duration-ms="13350" status="PASS">
          <reporter-output>
          </reporter-output>
        </test-method> <!-- beforeClass -->
        <test-method is-config="true" signature="beforeMethod()[pri:0, instance:com.qa.opencart.testcase.MyAccountPageTest@3ed0918d]" started-at="2023-11-17T18:15:04 MST" name="beforeMethod" finished-at="2023-11-17T18:15:04 MST" duration-ms="23" status="PASS">
          <reporter-output>
          </reporter-output>
        </test-method> <!-- beforeMethod -->
        <test-method signature="verifyMyAccountPageUrlTest()[pri:1, instance:com.qa.opencart.testcase.MyAccountPageTest@3ed0918d]" started-at="2023-11-17T18:15:04 MST" name="verifyMyAccountPageUrlTest" description="TC_01_Verifying the login page Url" finished-at="2023-11-17T18:15:04 MST" duration-ms="42" status="PASS">
          <reporter-output>
          </reporter-output>
        </test-method> <!-- verifyMyAccountPageUrlTest -->
        <test-method is-config="true" signature="beforeMethod()[pri:0, instance:com.qa.opencart.testcase.MyAccountPageTest@3ed0918d]" started-at="2023-11-17T18:15:04 MST" name="beforeMethod" finished-at="2023-11-17T18:15:04 MST" duration-ms="21" status="PASS">
          <reporter-output>
          </reporter-output>
        </test-method> <!-- beforeMethod -->
        <test-method signature="verifyMyAccountPageTitleTest()[pri:2, instance:com.qa.opencart.testcase.MyAccountPageTest@3ed0918d]" started-at="2023-11-17T18:15:04 MST" name="verifyMyAccountPageTitleTest" description="TC_02_Verifying the my account page title" finished-at="2023-11-17T18:15:04 MST" duration-ms="24" status="PASS">
          <reporter-output>
          </reporter-output>
        </test-method> <!-- verifyMyAccountPageTitleTest -->
        <test-method is-config="true" signature="beforeMethod()[pri:0, instance:com.qa.opencart.testcase.MyAccountPageTest@3ed0918d]" started-at="2023-11-17T18:15:05 MST" name="beforeMethod" finished-at="2023-11-17T18:15:05 MST" duration-ms="20" status="PASS">
          <reporter-output>
          </reporter-output>
        </test-method> <!-- beforeMethod -->
        <test-method signature="verifyMyAccountPageElementsTest()[pri:3, instance:com.qa.opencart.testcase.MyAccountPageTest@3ed0918d]" started-at="2023-11-17T18:15:05 MST" name="verifyMyAccountPageElementsTest" description="TC_03_Verifying the My Account page elements" finished-at="2023-11-17T18:15:07 MST" duration-ms="2560" status="PASS">
          <reporter-output>
          </reporter-output>
        </test-method> <!-- verifyMyAccountPageElementsTest -->
        <test-method is-config="true" signature="beforeMethod()[pri:0, instance:com.qa.opencart.testcase.MyAccountPageTest@3ed0918d]" started-at="2023-11-17T18:15:07 MST" name="beforeMethod" finished-at="2023-11-17T18:15:07 MST" duration-ms="18" status="PASS">
          <reporter-output>
          </reporter-output>
        </test-method> <!-- beforeMethod -->
        <test-method signature="verifyMyAccountMenuOptionTest()[pri:4, instance:com.qa.opencart.testcase.MyAccountPageTest@3ed0918d]" started-at="2023-11-17T18:15:07 MST" name="verifyMyAccountMenuOptionTest" description="TC_04_Verify My account options List " finished-at="2023-11-17T18:15:10 MST" duration-ms="2418" status="PASS">
          <reporter-output>
          </reporter-output>
        </test-method> <!-- verifyMyAccountMenuOptionTest -->
        <test-method is-config="true" signature="beforeMethod()[pri:0, instance:com.qa.opencart.testcase.MyAccountPageTest@3ed0918d]" started-at="2023-11-17T18:15:10 MST" name="beforeMethod" finished-at="2023-11-17T18:15:10 MST" duration-ms="15" status="PASS">
          <reporter-output>
          </reporter-output>
        </test-method> <!-- beforeMethod -->
        <test-method signature="verifyMyAccountHeaderListTest()[pri:5, instance:com.qa.opencart.testcase.MyAccountPageTest@3ed0918d]" started-at="2023-11-17T18:15:10 MST" name="verifyMyAccountHeaderListTest" description="TC_05_Verify My account Header List" finished-at="2023-11-17T18:15:10 MST" duration-ms="101" status="PASS">
          <reporter-output>
          </reporter-output>
        </test-method> <!-- verifyMyAccountHeaderListTest -->
        <test-method is-config="true" signature="beforeMethod()[pri:0, instance:com.qa.opencart.testcase.MyAccountPageTest@3ed0918d]" started-at="2023-11-17T18:15:11 MST" name="beforeMethod" finished-at="2023-11-17T18:15:11 MST" duration-ms="22" status="PASS">
          <reporter-output>
          </reporter-output>
        </test-method> <!-- beforeMethod -->
        <test-method signature="verifyBrokenLinksInMyAccountPageTest()[pri:6, instance:com.qa.opencart.testcase.MyAccountPageTest@3ed0918d]" started-at="2023-11-17T18:15:11 MST" name="verifyBrokenLinksInMyAccountPageTest" description="TC_06_Verify the broken links in my account page" finished-at="2023-11-17T18:15:53 MST" duration-ms="42207" status="PASS">
          <reporter-output>
          </reporter-output>
        </test-method> <!-- verifyBrokenLinksInMyAccountPageTest -->
        <test-method is-config="true" signature="beforeMethod()[pri:0, instance:com.qa.opencart.testcase.MyAccountPageTest@3ed0918d]" started-at="2023-11-17T18:15:53 MST" name="beforeMethod" finished-at="2023-11-17T18:15:53 MST" duration-ms="15" status="PASS">
          <reporter-output>
          </reporter-output>
        </test-method> <!-- beforeMethod -->
        <test-method signature="logoutTest()[pri:7, instance:com.qa.opencart.testcase.MyAccountPageTest@3ed0918d]" started-at="2023-11-17T18:15:53 MST" name="logoutTest" description="TC_08_Logout test" finished-at="2023-11-17T18:16:01 MST" duration-ms="8254" status="PASS">
          <reporter-output>
          </reporter-output>
        </test-method> <!-- logoutTest -->
        <test-method is-config="true" signature="beforeMethod()[pri:0, instance:com.qa.opencart.testcase.MyAccountPageTest@3ed0918d]" started-at="2023-11-17T18:16:02 MST" name="beforeMethod" finished-at="2023-11-17T18:16:02 MST" duration-ms="16" status="PASS">
          <reporter-output>
          </reporter-output>
        </test-method> <!-- beforeMethod -->
        <test-method signature="performProductSearchTest(java.lang.String)[pri:7, instance:com.qa.opencart.testcase.MyAccountPageTest@3ed0918d]" started-at="2023-11-17T18:16:02 MST" name="performProductSearchTest" description="TC_07_Perform the product search" data-provider="products" finished-at="2023-11-17T18:16:22 MST" duration-ms="20065" status="PASS">
          <params>
            <param index="0">
              <value>
                <![CDATA[MacBook]]>
              </value>
            </param>
          </params>
          <reporter-output>
          </reporter-output>
        </test-method> <!-- performProductSearchTest -->
        <test-method is-config="true" signature="beforeMethod()[pri:0, instance:com.qa.opencart.testcase.MyAccountPageTest@3ed0918d]" started-at="2023-11-17T18:16:22 MST" name="beforeMethod" finished-at="2023-11-17T18:16:22 MST" duration-ms="18" status="PASS">
          <reporter-output>
          </reporter-output>
        </test-method> <!-- beforeMethod -->
        <test-method signature="performProductSearchTest(java.lang.String)[pri:7, instance:com.qa.opencart.testcase.MyAccountPageTest@3ed0918d]" started-at="2023-11-17T18:16:22 MST" name="performProductSearchTest" description="TC_07_Perform the product search" data-provider="products" finished-at="2023-11-17T18:16:42 MST" duration-ms="20070" status="PASS">
          <params>
            <param index="0">
              <value>
                <![CDATA[iMac]]>
              </value>
            </param>
          </params>
          <reporter-output>
          </reporter-output>
        </test-method> <!-- performProductSearchTest -->
        <test-method is-config="true" signature="beforeMethod()[pri:0, instance:com.qa.opencart.testcase.MyAccountPageTest@3ed0918d]" started-at="2023-11-17T18:16:42 MST" name="beforeMethod" finished-at="2023-11-17T18:16:42 MST" duration-ms="14" status="PASS">
          <reporter-output>
          </reporter-output>
        </test-method> <!-- beforeMethod -->
        <test-method signature="performProductSearchTest(java.lang.String)[pri:7, instance:com.qa.opencart.testcase.MyAccountPageTest@3ed0918d]" started-at="2023-11-17T18:16:42 MST" name="performProductSearchTest" description="TC_07_Perform the product search" data-provider="products" finished-at="2023-11-17T18:17:02 MST" duration-ms="19826" status="PASS">
          <params>
            <param index="0">
              <value>
                <![CDATA[Samsung]]>
              </value>
            </param>
          </params>
          <reporter-output>
          </reporter-output>
        </test-method> <!-- performProductSearchTest -->
        <test-method is-config="true" signature="commonTearDown()[pri:0, instance:com.qa.opencart.testcase.MyAccountPageTest@3ed0918d]" started-at="2023-11-17T18:17:03 MST" name="commonTearDown" finished-at="2023-11-17T18:17:03 MST" duration-ms="188" status="PASS">
          <reporter-output>
          </reporter-output>
        </test-method> <!-- commonTearDown -->
      </class> <!-- com.qa.opencart.testcase.MyAccountPageTest -->
      <class name="com.qa.opencart.testcase.LoginPageTest">
        <test-method is-config="true" signature="commonSetUp(java.lang.String)[pri:0, instance:com.qa.opencart.testcase.LoginPageTest@4074023c]" started-at="2023-11-17T18:13:55 MST" name="commonSetUp" finished-at="2023-11-17T18:14:00 MST" duration-ms="5215" status="PASS">
          <params>
            <param index="0">
              <value>
                <![CDATA[chrome]]>
              </value>
            </param>
          </params>
          <reporter-output>
          </reporter-output>
        </test-method> <!-- commonSetUp -->
        <test-method is-config="true" signature="beforeClass()[pri:0, instance:com.qa.opencart.testcase.LoginPageTest@4074023c]" started-at="2023-11-17T18:14:00 MST" name="beforeClass" finished-at="2023-11-17T18:14:06 MST" duration-ms="5422" status="PASS">
          <reporter-output>
          </reporter-output>
        </test-method> <!-- beforeClass -->
        <test-method is-config="true" signature="beforeMethod()[pri:0, instance:com.qa.opencart.testcase.LoginPageTest@4074023c]" started-at="2023-11-17T18:14:06 MST" name="beforeMethod" finished-at="2023-11-17T18:14:06 MST" duration-ms="23" status="PASS">
          <reporter-output>
          </reporter-output>
        </test-method> <!-- beforeMethod -->
        <test-method signature="verifyLoginPageUrlTest()[pri:1, instance:com.qa.opencart.testcase.LoginPageTest@4074023c]" started-at="2023-11-17T18:14:06 MST" name="verifyLoginPageUrlTest" description="TC_01_Verifying the login page Url" finished-at="2023-11-17T18:14:06 MST" duration-ms="46" status="PASS">
          <reporter-output>
          </reporter-output>
        </test-method> <!-- verifyLoginPageUrlTest -->
        <test-method is-config="true" signature="beforeMethod()[pri:0, instance:com.qa.opencart.testcase.LoginPageTest@4074023c]" started-at="2023-11-17T18:14:06 MST" name="beforeMethod" finished-at="2023-11-17T18:14:06 MST" duration-ms="22" status="PASS">
          <reporter-output>
          </reporter-output>
        </test-method> <!-- beforeMethod -->
        <test-method signature="verifyLoginPageTitleTest()[pri:2, instance:com.qa.opencart.testcase.LoginPageTest@4074023c]" started-at="2023-11-17T18:14:06 MST" name="verifyLoginPageTitleTest" description="TC_02_Verifying the login page title" finished-at="2023-11-17T18:14:06 MST" duration-ms="21" status="PASS">
          <reporter-output>
          </reporter-output>
        </test-method> <!-- verifyLoginPageTitleTest -->
        <test-method is-config="true" signature="beforeMethod()[pri:0, instance:com.qa.opencart.testcase.LoginPageTest@4074023c]" started-at="2023-11-17T18:14:06 MST" name="beforeMethod" finished-at="2023-11-17T18:14:06 MST" duration-ms="21" status="PASS">
          <reporter-output>
          </reporter-output>
        </test-method> <!-- beforeMethod -->
        <test-method signature="verifyLoginPageElementsTest()[pri:3, instance:com.qa.opencart.testcase.LoginPageTest@4074023c]" started-at="2023-11-17T18:14:06 MST" name="verifyLoginPageElementsTest" description="TC_03_Verifying the Login page elements" finished-at="2023-11-17T18:14:07 MST" duration-ms="282" status="PASS">
          <reporter-output>
          </reporter-output>
        </test-method> <!-- verifyLoginPageElementsTest -->
        <test-method is-config="true" signature="beforeMethod()[pri:0, instance:com.qa.opencart.testcase.LoginPageTest@4074023c]" started-at="2023-11-17T18:14:07 MST" name="beforeMethod" finished-at="2023-11-17T18:14:07 MST" duration-ms="18" status="PASS">
          <reporter-output>
          </reporter-output>
        </test-method> <!-- beforeMethod -->
        <test-method signature="navigateToRegistrationPageTest()[pri:4, instance:com.qa.opencart.testcase.LoginPageTest@4074023c]" started-at="2023-11-17T18:14:07 MST" name="navigateToRegistrationPageTest" description="TC_04_navigate to registration page" finished-at="2023-11-17T18:14:13 MST" duration-ms="5967" status="PASS">
          <reporter-output>
          </reporter-output>
        </test-method> <!-- navigateToRegistrationPageTest -->
        <test-method is-config="true" signature="beforeMethod()[pri:0, instance:com.qa.opencart.testcase.LoginPageTest@4074023c]" started-at="2023-11-17T18:14:13 MST" name="beforeMethod" finished-at="2023-11-17T18:14:13 MST" duration-ms="19" status="PASS">
          <reporter-output>
          </reporter-output>
        </test-method> <!-- beforeMethod -->
        <test-method signature="navigateToForgotPasswordPageTest()[pri:5, instance:com.qa.opencart.testcase.LoginPageTest@4074023c]" started-at="2023-11-17T18:14:13 MST" name="navigateToForgotPasswordPageTest" description="TC_05_navigate to forgotPassword page" finished-at="2023-11-17T18:14:19 MST" duration-ms="5923" status="PASS">
          <reporter-output>
          </reporter-output>
        </test-method> <!-- navigateToForgotPasswordPageTest -->
        <test-method is-config="true" signature="beforeMethod()[pri:0, instance:com.qa.opencart.testcase.LoginPageTest@4074023c]" started-at="2023-11-17T18:14:19 MST" name="beforeMethod" finished-at="2023-11-17T18:14:19 MST" duration-ms="11" status="PASS">
          <reporter-output>
          </reporter-output>
        </test-method> <!-- beforeMethod -->
        <test-method signature="emptyCredLoginTest()[pri:6, instance:com.qa.opencart.testcase.LoginPageTest@4074023c]" started-at="2023-11-17T18:14:19 MST" name="emptyCredLoginTest" description="TC_06_Empty credentials login test" finished-at="2023-11-17T18:14:27 MST" duration-ms="7846" status="PASS">
          <reporter-output>
          </reporter-output>
        </test-method> <!-- emptyCredLoginTest -->
        <test-method is-config="true" signature="beforeMethod()[pri:0, instance:com.qa.opencart.testcase.LoginPageTest@4074023c]" started-at="2023-11-17T18:14:28 MST" name="beforeMethod" finished-at="2023-11-17T18:14:28 MST" duration-ms="22" status="PASS">
          <reporter-output>
          </reporter-output>
        </test-method> <!-- beforeMethod -->
        <test-method signature="happypathLoginTest()[pri:7, instance:com.qa.opencart.testcase.LoginPageTest@4074023c]" started-at="2023-11-17T18:14:28 MST" name="happypathLoginTest" description="TC_07_Happypath login test" finished-at="2023-11-17T18:14:36 MST" duration-ms="8147" status="PASS">
          <reporter-output>
          </reporter-output>
        </test-method> <!-- happypathLoginTest -->
        <test-method is-config="true" signature="beforeMethod()[pri:0, instance:com.qa.opencart.testcase.LoginPageTest@4074023c]" started-at="2023-11-17T18:14:36 MST" name="beforeMethod" finished-at="2023-11-17T18:14:36 MST" duration-ms="23" status="PASS">
          <reporter-output>
          </reporter-output>
        </test-method> <!-- beforeMethod -->
        <test-method signature="logoutTest()[pri:7, instance:com.qa.opencart.testcase.LoginPageTest@4074023c]" started-at="2023-11-17T18:14:36 MST" name="logoutTest" description="TC_08_Logout test" finished-at="2023-11-17T18:14:44 MST" duration-ms="8378" status="PASS">
          <reporter-output>
          </reporter-output>
        </test-method> <!-- logoutTest -->
        <test-method is-config="true" signature="commonTearDown()[pri:0, instance:com.qa.opencart.testcase.LoginPageTest@4074023c]" started-at="2023-11-17T18:14:45 MST" name="commonTearDown" finished-at="2023-11-17T18:14:45 MST" duration-ms="292" status="PASS">
          <reporter-output>
          </reporter-output>
        </test-method> <!-- commonTearDown -->
      </class> <!-- com.qa.opencart.testcase.LoginPageTest -->
      <class name="com.qa.opencart.testcase.ProductDetailsPageTest">
        <test-method is-config="true" signature="commonSetUp(java.lang.String)[pri:0, instance:com.qa.opencart.testcase.ProductDetailsPageTest@5e268ce6]" started-at="2023-11-17T18:17:03 MST" name="commonSetUp" finished-at="2023-11-17T18:17:07 MST" duration-ms="4727" status="PASS">
          <params>
            <param index="0">
              <value>
                <![CDATA[chrome]]>
              </value>
            </param>
          </params>
          <reporter-output>
          </reporter-output>
        </test-method> <!-- commonSetUp -->
        <test-method is-config="true" signature="beforeClass()[pri:0, instance:com.qa.opencart.testcase.ProductDetailsPageTest@5e268ce6]" started-at="2023-11-17T18:17:07 MST" name="beforeClass" finished-at="2023-11-17T18:17:22 MST" duration-ms="14051" status="PASS">
          <reporter-output>
          </reporter-output>
        </test-method> <!-- beforeClass -->
        <test-method is-config="true" signature="beforeMethod()[pri:0, instance:com.qa.opencart.testcase.ProductDetailsPageTest@5e268ce6]" started-at="2023-11-17T18:17:22 MST" name="beforeMethod" finished-at="2023-11-17T18:17:22 MST" duration-ms="18" status="PASS">
          <reporter-output>
          </reporter-output>
        </test-method> <!-- beforeMethod -->
        <test-method signature="productImageTest(java.lang.String,java.lang.String,int)[pri:1, instance:com.qa.opencart.testcase.ProductDetailsPageTest@5e268ce6]" started-at="2023-11-17T18:17:22 MST" name="productImageTest" description="TC_01_Verify the product image test" data-provider="productImageTestData" finished-at="2023-11-17T18:17:37 MST" duration-ms="15949" status="PASS">
          <params>
            <param index="0">
              <value>
                <![CDATA[Macbook]]>
              </value>
            </param>
            <param index="1">
              <value>
                <![CDATA[MacBook Pro]]>
              </value>
            </param>
            <param index="2">
              <value>
                <![CDATA[4]]>
              </value>
            </param>
          </params>
          <reporter-output>
          </reporter-output>
        </test-method> <!-- productImageTest -->
        <test-method is-config="true" signature="beforeMethod()[pri:0, instance:com.qa.opencart.testcase.ProductDetailsPageTest@5e268ce6]" started-at="2023-11-17T18:17:38 MST" name="beforeMethod" finished-at="2023-11-17T18:17:38 MST" duration-ms="17" status="PASS">
          <reporter-output>
          </reporter-output>
        </test-method> <!-- beforeMethod -->
        <test-method signature="productImageTest(java.lang.String,java.lang.String,int)[pri:1, instance:com.qa.opencart.testcase.ProductDetailsPageTest@5e268ce6]" started-at="2023-11-17T18:17:38 MST" name="productImageTest" description="TC_01_Verify the product image test" data-provider="productImageTestData" finished-at="2023-11-17T18:17:53 MST" duration-ms="15253" status="PASS">
          <params>
            <param index="0">
              <value>
                <![CDATA[Macbook]]>
              </value>
            </param>
            <param index="1">
              <value>
                <![CDATA[MacBook Air]]>
              </value>
            </param>
            <param index="2">
              <value>
                <![CDATA[4]]>
              </value>
            </param>
          </params>
          <reporter-output>
          </reporter-output>
        </test-method> <!-- productImageTest -->
        <test-method is-config="true" signature="beforeMethod()[pri:0, instance:com.qa.opencart.testcase.ProductDetailsPageTest@5e268ce6]" started-at="2023-11-17T18:17:53 MST" name="beforeMethod" finished-at="2023-11-17T18:17:53 MST" duration-ms="12" status="PASS">
          <reporter-output>
          </reporter-output>
        </test-method> <!-- beforeMethod -->
        <test-method signature="productImageTest(java.lang.String,java.lang.String,int)[pri:1, instance:com.qa.opencart.testcase.ProductDetailsPageTest@5e268ce6]" started-at="2023-11-17T18:17:53 MST" name="productImageTest" description="TC_01_Verify the product image test" data-provider="productImageTestData" finished-at="2023-11-17T18:18:08 MST" duration-ms="15168" status="PASS">
          <params>
            <param index="0">
              <value>
                <![CDATA[iMac]]>
              </value>
            </param>
            <param index="1">
              <value>
                <![CDATA[iMac]]>
              </value>
            </param>
            <param index="2">
              <value>
                <![CDATA[3]]>
              </value>
            </param>
          </params>
          <reporter-output>
          </reporter-output>
        </test-method> <!-- productImageTest -->
        <test-method is-config="true" signature="beforeMethod()[pri:0, instance:com.qa.opencart.testcase.ProductDetailsPageTest@5e268ce6]" started-at="2023-11-17T18:18:09 MST" name="beforeMethod" finished-at="2023-11-17T18:18:09 MST" duration-ms="11" status="PASS">
          <reporter-output>
          </reporter-output>
        </test-method> <!-- beforeMethod -->
        <test-method signature="productImageTest(java.lang.String,java.lang.String,int)[pri:1, instance:com.qa.opencart.testcase.ProductDetailsPageTest@5e268ce6]" started-at="2023-11-17T18:18:09 MST" name="productImageTest" description="TC_01_Verify the product image test" data-provider="productImageTestData" finished-at="2023-11-17T18:18:24 MST" duration-ms="14976" status="PASS">
          <params>
            <param index="0">
              <value>
                <![CDATA[Samsung]]>
              </value>
            </param>
            <param index="1">
              <value>
                <![CDATA[Samsung SyncMaster 941BW]]>
              </value>
            </param>
            <param index="2">
              <value>
                <![CDATA[1]]>
              </value>
            </param>
          </params>
          <reporter-output>
          </reporter-output>
        </test-method> <!-- productImageTest -->
        <test-method is-config="true" signature="beforeMethod()[pri:0, instance:com.qa.opencart.testcase.ProductDetailsPageTest@5e268ce6]" started-at="2023-11-17T18:18:24 MST" name="beforeMethod" finished-at="2023-11-17T18:18:24 MST" duration-ms="15" status="PASS">
          <reporter-output>
          </reporter-output>
        </test-method> <!-- beforeMethod -->
        <test-method signature="productImageTest(java.lang.String,java.lang.String,int)[pri:1, instance:com.qa.opencart.testcase.ProductDetailsPageTest@5e268ce6]" started-at="2023-11-17T18:18:24 MST" name="productImageTest" description="TC_01_Verify the product image test" data-provider="productImageTestData" finished-at="2023-11-17T18:18:39 MST" duration-ms="15347" status="PASS">
          <params>
            <param index="0">
              <value>
                <![CDATA[Apple]]>
              </value>
            </param>
            <param index="1">
              <value>
                <![CDATA[Apple Cinema 30"]]>
              </value>
            </param>
            <param index="2">
              <value>
                <![CDATA[6]]>
              </value>
            </param>
          </params>
          <reporter-output>
          </reporter-output>
        </test-method> <!-- productImageTest -->
        <test-method is-config="true" signature="beforeMethod()[pri:0, instance:com.qa.opencart.testcase.ProductDetailsPageTest@5e268ce6]" started-at="2023-11-17T18:18:39 MST" name="beforeMethod" finished-at="2023-11-17T18:18:39 MST" duration-ms="10" status="PASS">
          <reporter-output>
          </reporter-output>
        </test-method> <!-- beforeMethod -->
        <test-method signature="ProductMetadataTest()[pri:2, instance:com.qa.opencart.testcase.ProductDetailsPageTest@5e268ce6]" started-at="2023-11-17T18:18:39 MST" name="ProductMetadataTest" description="TC_02_ product_metadata Test" finished-at="2023-11-17T18:18:54 MST" duration-ms="15069" status="PASS">
          <reporter-output>
          </reporter-output>
        </test-method> <!-- ProductMetadataTest -->
        <test-method is-config="true" signature="doLogout()[pri:0, instance:com.qa.opencart.testcase.ProductDetailsPageTest@5e268ce6]" started-at="2023-11-17T18:18:55 MST" name="doLogout" finished-at="2023-11-17T18:19:03 MST" duration-ms="8122" status="PASS">
          <reporter-output>
          </reporter-output>
        </test-method> <!-- doLogout -->
        <test-method is-config="true" signature="commonTearDown()[pri:0, instance:com.qa.opencart.testcase.ProductDetailsPageTest@5e268ce6]" started-at="2023-11-17T18:19:03 MST" name="commonTearDown" finished-at="2023-11-17T18:19:03 MST" duration-ms="264" status="PASS">
          <reporter-output>
          </reporter-output>
        </test-method> <!-- commonTearDown -->
      </class> <!-- com.qa.opencart.testcase.ProductDetailsPageTest -->
      <class name="com.qa.opencart.testcase.RegistrationPageTest">
        <test-method is-config="true" signature="testDataSetup()[pri:0, instance:com.qa.opencart.testcase.RegistrationPageTest@6e91893]" started-at="2023-11-17T18:13:26 MST" name="testDataSetup" finished-at="2023-11-17T18:13:28 MST" duration-ms="2406" status="PASS">
          <reporter-output>
          </reporter-output>
        </test-method> <!-- testDataSetup -->
        <test-method is-config="true" signature="commonSetUp(java.lang.String)[pri:0, instance:com.qa.opencart.testcase.RegistrationPageTest@6e91893]" started-at="2023-11-17T18:19:03 MST" name="commonSetUp" finished-at="2023-11-17T18:19:08 MST" duration-ms="4808" status="PASS">
          <params>
            <param index="0">
              <value>
                <![CDATA[chrome]]>
              </value>
            </param>
          </params>
          <reporter-output>
          </reporter-output>
        </test-method> <!-- commonSetUp -->
        <test-method is-config="true" signature="beforeClass()[pri:0, instance:com.qa.opencart.testcase.RegistrationPageTest@6e91893]" started-at="2023-11-17T18:19:08 MST" name="beforeClass" finished-at="2023-11-17T18:19:08 MST" duration-ms="3" status="PASS">
          <reporter-output>
          </reporter-output>
        </test-method> <!-- beforeClass -->
        <test-method is-config="true" signature="beforeMethod()[pri:0, instance:com.qa.opencart.testcase.RegistrationPageTest@6e91893]" started-at="2023-11-17T18:19:08 MST" name="beforeMethod" finished-at="2023-11-17T18:19:13 MST" duration-ms="5290" status="PASS">
          <reporter-output>
          </reporter-output>
        </test-method> <!-- beforeMethod -->
        <test-method signature="RegisterAccountTest()[pri:1, instance:com.qa.opencart.testcase.RegistrationPageTest@6e91893]" started-at="2023-11-17T18:19:13 MST" name="RegisterAccountTest" description="TC_01_Register an account with faker data" finished-at="2023-11-17T18:20:17 MST" duration-ms="64074" status="PASS">
          <reporter-output>
          </reporter-output>
        </test-method> <!-- RegisterAccountTest -->
        <test-method is-config="true" signature="doLogout()[pri:0, instance:com.qa.opencart.testcase.RegistrationPageTest@6e91893]" started-at="2023-11-17T18:20:17 MST" name="doLogout" finished-at="2023-11-17T18:20:25 MST" duration-ms="7947" status="PASS">
          <reporter-output>
          </reporter-output>
        </test-method> <!-- doLogout -->
        <test-method is-config="true" signature="beforeMethod()[pri:0, instance:com.qa.opencart.testcase.RegistrationPageTest@6e91893]" started-at="2023-11-17T18:20:27 MST" name="beforeMethod" finished-at="2023-11-17T18:20:32 MST" duration-ms="4897" status="PASS">
          <reporter-output>
          </reporter-output>
        </test-method> <!-- beforeMethod -->
        <test-method signature="registerAccountWithExcelDataTest(java.lang.String,java.lang.String,java.lang.String,java.lang.String,java.lang.String)[pri:2, instance:com.qa.opencart.testcase.RegistrationPageTest@6e91893]" started-at="2023-11-17T18:20:32 MST" name="registerAccountWithExcelDataTest" description="TC_02_Register an account with excel data" data-provider="excelData" finished-at="2023-11-17T18:21:17 MST" duration-ms="44943" status="PASS">
          <params>
            <param index="0">
              <value>
                <![CDATA[Vandana]]>
              </value>
            </param>
            <param index="1">
              <value>
                <![CDATA[senthil]]>
              </value>
            </param>
            <param index="2">
              <value>
                <![CDATA[3146069849]]>
              </value>
            </param>
            <param index="3">
              <value>
                <![CDATA[vandana@123]]>
              </value>
            </param>
            <param index="4">
              <value>
                <![CDATA[yes]]>
              </value>
            </param>
          </params>
          <reporter-output>
          </reporter-output>
        </test-method> <!-- registerAccountWithExcelDataTest -->
        <test-method is-config="true" signature="doLogout()[pri:0, instance:com.qa.opencart.testcase.RegistrationPageTest@6e91893]" started-at="2023-11-17T18:21:17 MST" name="doLogout" finished-at="2023-11-17T18:21:25 MST" duration-ms="7879" status="PASS">
          <reporter-output>
          </reporter-output>
        </test-method> <!-- doLogout -->
        <test-method is-config="true" signature="beforeMethod()[pri:0, instance:com.qa.opencart.testcase.RegistrationPageTest@6e91893]" started-at="2023-11-17T18:21:25 MST" name="beforeMethod" finished-at="2023-11-17T18:21:30 MST" duration-ms="5027" status="PASS">
          <reporter-output>
          </reporter-output>
        </test-method> <!-- beforeMethod -->
        <test-method signature="registerAccountWithExcelDataTest(java.lang.String,java.lang.String,java.lang.String,java.lang.String,java.lang.String)[pri:2, instance:com.qa.opencart.testcase.RegistrationPageTest@6e91893]" started-at="2023-11-17T18:21:30 MST" name="registerAccountWithExcelDataTest" description="TC_02_Register an account with excel data" data-provider="excelData" finished-at="2023-11-17T18:22:14 MST" duration-ms="44304" status="PASS">
          <params>
            <param index="0">
              <value>
                <![CDATA[manju]]>
              </value>
            </param>
            <param index="1">
              <value>
                <![CDATA[jayaprakash]]>
              </value>
            </param>
            <param index="2">
              <value>
                <![CDATA[6.234445593E9]]>
              </value>
            </param>
            <param index="3">
              <value>
                <![CDATA[manju@123]]>
              </value>
            </param>
            <param index="4">
              <value>
                <![CDATA[no]]>
              </value>
            </param>
          </params>
          <reporter-output>
          </reporter-output>
        </test-method> <!-- registerAccountWithExcelDataTest -->
        <test-method is-config="true" signature="doLogout()[pri:0, instance:com.qa.opencart.testcase.RegistrationPageTest@6e91893]" started-at="2023-11-17T18:22:14 MST" name="doLogout" finished-at="2023-11-17T18:22:22 MST" duration-ms="7890" status="PASS">
          <reporter-output>
          </reporter-output>
        </test-method> <!-- doLogout -->
        <test-method is-config="true" signature="beforeMethod()[pri:0, instance:com.qa.opencart.testcase.RegistrationPageTest@6e91893]" started-at="2023-11-17T18:22:22 MST" name="beforeMethod" finished-at="2023-11-17T18:22:27 MST" duration-ms="5327" status="PASS">
          <reporter-output>
          </reporter-output>
        </test-method> <!-- beforeMethod -->
        <test-method signature="registerAccountWithExcelDataTest(java.lang.String,java.lang.String,java.lang.String,java.lang.String,java.lang.String)[pri:2, instance:com.qa.opencart.testcase.RegistrationPageTest@6e91893]" started-at="2023-11-17T18:22:27 MST" name="registerAccountWithExcelDataTest" description="TC_02_Register an account with excel data" data-provider="excelData" finished-at="2023-11-17T18:23:12 MST" duration-ms="44178" status="PASS">
          <params>
            <param index="0">
              <value>
                <![CDATA[harshini]]>
              </value>
            </param>
            <param index="1">
              <value>
                <![CDATA[ch]]>
              </value>
            </param>
            <param index="2">
              <value>
                <![CDATA[6303236395]]>
              </value>
            </param>
            <param index="3">
              <value>
                <![CDATA[harshini@123]]>
              </value>
            </param>
            <param index="4">
              <value>
                <![CDATA[yes]]>
              </value>
            </param>
          </params>
          <reporter-output>
          </reporter-output>
        </test-method> <!-- registerAccountWithExcelDataTest -->
        <test-method is-config="true" signature="doLogout()[pri:0, instance:com.qa.opencart.testcase.RegistrationPageTest@6e91893]" started-at="2023-11-17T18:23:12 MST" name="doLogout" finished-at="2023-11-17T18:23:20 MST" duration-ms="7938" status="PASS">
          <reporter-output>
          </reporter-output>
        </test-method> <!-- doLogout -->
        <test-method is-config="true" signature="beforeMethod()[pri:0, instance:com.qa.opencart.testcase.RegistrationPageTest@6e91893]" started-at="2023-11-17T18:23:20 MST" name="beforeMethod" finished-at="2023-11-17T18:23:25 MST" duration-ms="5123" status="PASS">
          <reporter-output>
          </reporter-output>
        </test-method> <!-- beforeMethod -->
        <test-method signature="registerAccountWithExcelDataTest(java.lang.String,java.lang.String,java.lang.String,java.lang.String,java.lang.String)[pri:2, instance:com.qa.opencart.testcase.RegistrationPageTest@6e91893]" started-at="2023-11-17T18:23:25 MST" name="registerAccountWithExcelDataTest" description="TC_02_Register an account with excel data" data-provider="excelData" finished-at="2023-11-17T18:24:09 MST" duration-ms="44590" status="PASS">
          <params>
            <param index="0">
              <value>
                <![CDATA[bhavana]]>
              </value>
            </param>
            <param index="1">
              <value>
                <![CDATA[Uppara]]>
              </value>
            </param>
            <param index="2">
              <value>
                <![CDATA[2.065519189E9]]>
              </value>
            </param>
            <param index="3">
              <value>
                <![CDATA[bhavana@123]]>
              </value>
            </param>
            <param index="4">
              <value>
                <![CDATA[no]]>
              </value>
            </param>
          </params>
          <reporter-output>
          </reporter-output>
        </test-method> <!-- registerAccountWithExcelDataTest -->
        <test-method is-config="true" signature="doLogout()[pri:0, instance:com.qa.opencart.testcase.RegistrationPageTest@6e91893]" started-at="2023-11-17T18:24:10 MST" name="doLogout" finished-at="2023-11-17T18:24:18 MST" duration-ms="7924" status="PASS">
          <reporter-output>
          </reporter-output>
        </test-method> <!-- doLogout -->
        <test-method is-config="true" signature="commonTearDown()[pri:0, instance:com.qa.opencart.testcase.RegistrationPageTest@6e91893]" started-at="2023-11-17T18:24:18 MST" name="commonTearDown" finished-at="2023-11-17T18:24:18 MST" duration-ms="334" status="PASS">
          <reporter-output>
          </reporter-output>
        </test-method> <!-- commonTearDown -->
      </class> <!-- com.qa.opencart.testcase.RegistrationPageTest -->
    </test> <!-- openCartTest -->
  </suite> <!-- openCartSuite -->
</testng-results>
