<?xml version="1.0" encoding="UTF-8"?>
<!-- Generated by org.testng.reporters.JUnitXMLReporter -->
<testsuite ignored="0" hostname="RameshCh" failures="0" tests="34" name="openCartTest" time="652.184" errors="0" timestamp="2023-11-17T18:24:19 MST">
  <testcase classname="com.qa.opencart.testcase.HomePageTest" name="verifyOpenCartLogoTest" time="0.177"/>
  <testcase classname="com.qa.opencart.testcase.HomePageTest" name="verifyOpenCartPageTitleTest" time="0.015"/>
  <testcase classname="com.qa.opencart.testcase.HomePageTest" name="verifyFeaturedCardsCountTest" time="0.037"/>
  <testcase classname="com.qa.opencart.testcase.HomePageTest" name="navigateToRegistrationPageTest" time="8.581"/>
  <testcase classname="com.qa.opencart.testcase.HomePageTest" name="navigateToLoginPageTest" time="8.215"/>
  <testcase classname="com.qa.opencart.testcase.LoginPageTest" name="verifyLoginPageUrlTest" time="0.046"/>
  <testcase classname="com.qa.opencart.testcase.LoginPageTest" name="verifyLoginPageTitleTest" time="0.021"/>
  <testcase classname="com.qa.opencart.testcase.LoginPageTest" name="verifyLoginPageElementsTest" time="0.282"/>
  <testcase classname="com.qa.opencart.testcase.LoginPageTest" name="navigateToRegistrationPageTest" time="5.967"/>
  <testcase classname="com.qa.opencart.testcase.LoginPageTest" name="navigateToForgotPasswordPageTest" time="5.923"/>
  <testcase classname="com.qa.opencart.testcase.LoginPageTest" name="emptyCredLoginTest" time="7.846"/>
  <testcase classname="com.qa.opencart.testcase.LoginPageTest" name="happypathLoginTest" time="8.147"/>
  <testcase classname="com.qa.opencart.testcase.LoginPageTest" name="logoutTest" time="8.378"/>
  <testcase classname="com.qa.opencart.testcase.MyAccountPageTest" name="verifyMyAccountPageUrlTest" time="0.042"/>
  <testcase classname="com.qa.opencart.testcase.MyAccountPageTest" name="verifyMyAccountPageTitleTest" time="0.024"/>
  <testcase classname="com.qa.opencart.testcase.MyAccountPageTest" name="verifyMyAccountPageElementsTest" time="2.56"/>
  <testcase classname="com.qa.opencart.testcase.MyAccountPageTest" name="verifyMyAccountMenuOptionTest" time="2.418"/>
  <testcase classname="com.qa.opencart.testcase.MyAccountPageTest" name="verifyMyAccountHeaderListTest" time="0.101"/>
  <testcase classname="com.qa.opencart.testcase.MyAccountPageTest" name="verifyBrokenLinksInMyAccountPageTest" time="42.207"/>
  <testcase classname="com.qa.opencart.testcase.MyAccountPageTest" name="logoutTest" time="8.254"/>
  <testcase classname="com.qa.opencart.testcase.MyAccountPageTest" name="performProductSearchTest" time="20.065"/>
  <testcase classname="com.qa.opencart.testcase.MyAccountPageTest" name="performProductSearchTest" time="20.07"/>
  <testcase classname="com.qa.opencart.testcase.MyAccountPageTest" name="performProductSearchTest" time="19.826"/>
  <testcase classname="com.qa.opencart.testcase.ProductDetailsPageTest" name="productImageTest" time="15.949"/>
  <testcase classname="com.qa.opencart.testcase.ProductDetailsPageTest" name="productImageTest" time="15.253"/>
  <testcase classname="com.qa.opencart.testcase.ProductDetailsPageTest" name="productImageTest" time="15.168"/>
  <testcase classname="com.qa.opencart.testcase.ProductDetailsPageTest" name="productImageTest" time="14.976"/>
  <testcase classname="com.qa.opencart.testcase.ProductDetailsPageTest" name="productImageTest" time="15.347"/>
  <testcase classname="com.qa.opencart.testcase.ProductDetailsPageTest" name="ProductMetadataTest" time="15.069"/>
  <testcase classname="com.qa.opencart.testcase.RegistrationPageTest" name="RegisterAccountTest" time="64.074"/>
  <testcase classname="com.qa.opencart.testcase.RegistrationPageTest" name="registerAccountWithExcelDataTest" time="44.943"/>
  <testcase classname="com.qa.opencart.testcase.RegistrationPageTest" name="registerAccountWithExcelDataTest" time="44.304"/>
  <testcase classname="com.qa.opencart.testcase.RegistrationPageTest" name="registerAccountWithExcelDataTest" time="44.178"/>
  <testcase classname="com.qa.opencart.testcase.RegistrationPageTest" name="registerAccountWithExcelDataTest" time="44.59"/>
</testsuite> <!-- openCartTest -->
